<?xml version="1.0" encoding="UTF-8"?>
<!-- Generated by org.testng.reporters.JUnitXMLReporter -->
<testsuite ignored="0" hostname="DESKTOP-C4TSSKC" failures="0" tests="4" name="Default test" time="39.183" errors="0" timestamp="2022-10-02T18:45:39 IST">
  <testcase classname="com.simplilearn.demo.Automation" name="addtocart" time="6.105"/>
  <testcase classname="com.simplilearn.demo.Automation" name="login" time="3.283"/>
  <testcase classname="com.simplilearn.demo.Automation" name="register" time="5.637"/>
  <testcase classname="com.simplilearn.demo.Automation" name="search" time="15.752"/>
</testsuite> <!-- Default test -->
