<?xml version="1.0" encoding="UTF-8"?>
<testng-results ignored="0" total="7" passed="7" failed="0" skipped="0">
  <reporter-output>
  </reporter-output>
  <suite started-at="2022-10-13T22:37:05 IST" name="Default suite" finished-at="2022-10-13T22:43:31 IST" duration-ms="386038">
    <groups>
    </groups>
    <test started-at="2022-10-13T22:37:05 IST" name="Default test" finished-at="2022-10-13T22:43:31 IST" duration-ms="386038">
      <class name="com.MyAppApplicationTestscode">
        <test-method is-config="true" signature="beforeMethod()[pri:0, instance:com.MyAppApplicationTestscode@21be3395]" started-at="2022-10-13T22:37:06 IST" name="beforeMethod" finished-at="2022-10-13T22:38:35 IST" duration-ms="89657" status="PASS">
          <reporter-output>
          </reporter-output>
        </test-method> <!-- beforeMethod -->
        <test-method signature="testing()[pri:0, instance:com.MyAppApplicationTestscode@21be3395]" started-at="2022-10-13T22:38:35 IST" name="testing" finished-at="2022-10-13T22:39:11 IST" duration-ms="35973" status="PASS">
          <reporter-output>
          </reporter-output>
        </test-method> <!-- testing -->
        <test-method is-config="true" signature="afterMethod()[pri:0, instance:com.MyAppApplicationTestscode@21be3395]" started-at="2022-10-13T22:39:11 IST" name="afterMethod" finished-at="2022-10-13T22:39:11 IST" duration-ms="0" status="PASS">
          <reporter-output>
          </reporter-output>
        </test-method> <!-- afterMethod -->
        <test-method is-config="true" signature="beforeMethod()[pri:0, instance:com.MyAppApplicationTestscode@21be3395]" started-at="2022-10-13T22:39:11 IST" name="beforeMethod" finished-at="2022-10-13T22:39:37 IST" duration-ms="25402" status="PASS">
          <reporter-output>
          </reporter-output>
        </test-method> <!-- beforeMethod -->
        <test-method signature="signup()[pri:1, instance:com.MyAppApplicationTestscode@21be3395]" started-at="2022-10-13T22:39:37 IST" name="signup" finished-at="2022-10-13T22:39:48 IST" duration-ms="10802" status="PASS">
          <reporter-output>
          </reporter-output>
        </test-method> <!-- signup -->
        <test-method is-config="true" signature="afterMethod()[pri:0, instance:com.MyAppApplicationTestscode@21be3395]" started-at="2022-10-13T22:39:48 IST" name="afterMethod" finished-at="2022-10-13T22:39:48 IST" duration-ms="1" status="PASS">
          <reporter-output>
          </reporter-output>
        </test-method> <!-- afterMethod -->
        <test-method is-config="true" signature="beforeMethod()[pri:0, instance:com.MyAppApplicationTestscode@21be3395]" started-at="2022-10-13T22:39:48 IST" name="beforeMethod" finished-at="2022-10-13T22:40:20 IST" duration-ms="32351" status="PASS">
          <reporter-output>
          </reporter-output>
        </test-method> <!-- beforeMethod -->
        <test-method signature="signin()[pri:2, instance:com.MyAppApplicationTestscode@21be3395]" started-at="2022-10-13T22:40:20 IST" name="signin" finished-at="2022-10-13T22:40:30 IST" duration-ms="9956" status="PASS">
          <reporter-output>
          </reporter-output>
        </test-method> <!-- signin -->
        <test-method is-config="true" signature="afterMethod()[pri:0, instance:com.MyAppApplicationTestscode@21be3395]" started-at="2022-10-13T22:40:30 IST" name="afterMethod" finished-at="2022-10-13T22:40:30 IST" duration-ms="1" status="PASS">
          <reporter-output>
          </reporter-output>
        </test-method> <!-- afterMethod -->
        <test-method is-config="true" signature="beforeMethod()[pri:0, instance:com.MyAppApplicationTestscode@21be3395]" started-at="2022-10-13T22:40:30 IST" name="beforeMethod" finished-at="2022-10-13T22:40:53 IST" duration-ms="23339" status="PASS">
          <reporter-output>
          </reporter-output>
        </test-method> <!-- beforeMethod -->
        <test-method signature="adminhome()[pri:4, instance:com.MyAppApplicationTestscode@21be3395]" started-at="2022-10-13T22:40:53 IST" name="adminhome" finished-at="2022-10-13T22:41:07 IST" duration-ms="13673" status="PASS">
          <reporter-output>
          </reporter-output>
        </test-method> <!-- adminhome -->
        <test-method is-config="true" signature="afterMethod()[pri:0, instance:com.MyAppApplicationTestscode@21be3395]" started-at="2022-10-13T22:41:07 IST" name="afterMethod" finished-at="2022-10-13T22:41:07 IST" duration-ms="1" status="PASS">
          <reporter-output>
          </reporter-output>
        </test-method> <!-- afterMethod -->
        <test-method is-config="true" signature="beforeMethod()[pri:0, instance:com.MyAppApplicationTestscode@21be3395]" started-at="2022-10-13T22:41:07 IST" name="beforeMethod" finished-at="2022-10-13T22:41:26 IST" duration-ms="19010" status="PASS">
          <reporter-output>
          </reporter-output>
        </test-method> <!-- beforeMethod -->
        <test-method signature="userhome()[pri:5, instance:com.MyAppApplicationTestscode@21be3395]" started-at="2022-10-13T22:41:26 IST" name="userhome" finished-at="2022-10-13T22:41:47 IST" duration-ms="21496" status="PASS">
          <reporter-output>
          </reporter-output>
        </test-method> <!-- userhome -->
        <test-method is-config="true" signature="afterMethod()[pri:0, instance:com.MyAppApplicationTestscode@21be3395]" started-at="2022-10-13T22:41:47 IST" name="afterMethod" finished-at="2022-10-13T22:41:47 IST" duration-ms="1" status="PASS">
          <reporter-output>
          </reporter-output>
        </test-method> <!-- afterMethod -->
        <test-method is-config="true" signature="beforeMethod()[pri:0, instance:com.MyAppApplicationTestscode@21be3395]" started-at="2022-10-13T22:41:47 IST" name="beforeMethod" finished-at="2022-10-13T22:42:12 IST" duration-ms="24391" status="PASS">
          <reporter-output>
          </reporter-output>
        </test-method> <!-- beforeMethod -->
        <test-method signature="loadusers()[pri:6, instance:com.MyAppApplicationTestscode@21be3395]" started-at="2022-10-13T22:42:12 IST" name="loadusers" finished-at="2022-10-13T22:42:35 IST" duration-ms="23294" status="PASS">
          <reporter-output>
          </reporter-output>
        </test-method> <!-- loadusers -->
        <test-method is-config="true" signature="afterMethod()[pri:0, instance:com.MyAppApplicationTestscode@21be3395]" started-at="2022-10-13T22:42:35 IST" name="afterMethod" finished-at="2022-10-13T22:42:35 IST" duration-ms="0" status="PASS">
          <reporter-output>
          </reporter-output>
        </test-method> <!-- afterMethod -->
        <test-method is-config="true" signature="beforeMethod()[pri:0, instance:com.MyAppApplicationTestscode@21be3395]" started-at="2022-10-13T22:42:35 IST" name="beforeMethod" finished-at="2022-10-13T22:43:19 IST" duration-ms="44215" status="PASS">
          <reporter-output>
          </reporter-output>
        </test-method> <!-- beforeMethod -->
        <test-method signature="approve()[pri:7, instance:com.MyAppApplicationTestscode@21be3395]" started-at="2022-10-13T22:43:19 IST" name="approve" finished-at="2022-10-13T22:43:31 IST" duration-ms="12157" status="PASS">
          <reporter-output>
          </reporter-output>
        </test-method> <!-- approve -->
        <test-method is-config="true" signature="afterMethod()[pri:0, instance:com.MyAppApplicationTestscode@21be3395]" started-at="2022-10-13T22:43:31 IST" name="afterMethod" finished-at="2022-10-13T22:43:31 IST" duration-ms="1" status="PASS">
          <reporter-output>
          </reporter-output>
        </test-method> <!-- afterMethod -->
      </class> <!-- com.MyAppApplicationTestscode -->
    </test> <!-- Default test -->
  </suite> <!-- Default suite -->
</testng-results>
