<?xml version="1.0" encoding="UTF-8"?>
<testng-results ignored="0" total="1" passed="1" failed="0" skipped="0">
  <reporter-output>
  </reporter-output>
  <suite started-at="2022-10-11T21:45:36 IST" name="Default suite" finished-at="2022-10-11T21:46:16 IST" duration-ms="39993">
    <groups>
    </groups>
    <test started-at="2022-10-11T21:45:36 IST" name="Default test" finished-at="2022-10-11T21:46:16 IST" duration-ms="39993">
      <class name="com.testing.Automation_firefox">
        <test-method is-config="true" signature="beforeMethod()[pri:0, instance:com.testing.Automation_firefox@1b2abca6]" started-at="2022-10-11T21:45:36 IST" name="beforeMethod" finished-at="2022-10-11T21:45:43 IST" duration-ms="7016" status="PASS">
          <reporter-output>
          </reporter-output>
        </test-method> <!-- beforeMethod -->
        <test-method signature="search()[pri:0, instance:com.testing.Automation_firefox@1b2abca6]" started-at="2022-10-11T21:45:43 IST" name="search" finished-at="2022-10-11T21:46:16 IST" duration-ms="32935" status="PASS">
          <reporter-output>
          </reporter-output>
        </test-method> <!-- search -->
        <test-method is-config="true" signature="afterMethod()[pri:0, instance:com.testing.Automation_firefox@1b2abca6]" started-at="2022-10-11T21:46:16 IST" name="afterMethod" finished-at="2022-10-11T21:46:16 IST" duration-ms="0" status="PASS">
          <reporter-output>
          </reporter-output>
        </test-method> <!-- afterMethod -->
      </class> <!-- com.testing.Automation_firefox -->
    </test> <!-- Default test -->
  </suite> <!-- Default suite -->
</testng-results>
