<?xml version="1.0" encoding="UTF-8"?>
<!-- Generated by org.testng.reporters.JUnitXMLReporter -->
<testsuite ignored="0" hostname="DESKTOP-C4TSSKC" failures="0" tests="7" name="Default test" time="386.038" errors="0" timestamp="2022-10-13T22:43:36 IST">
  <testcase classname="com.MyAppApplicationTestscode" name="testing" time="35.973"/>
  <testcase classname="com.MyAppApplicationTestscode" name="signup" time="10.802"/>
  <testcase classname="com.MyAppApplicationTestscode" name="signin" time="9.956"/>
  <testcase classname="com.MyAppApplicationTestscode" name="adminhome" time="13.673"/>
  <testcase classname="com.MyAppApplicationTestscode" name="userhome" time="21.496"/>
  <testcase classname="com.MyAppApplicationTestscode" name="loadusers" time="23.294"/>
  <testcase classname="com.MyAppApplicationTestscode" name="approve" time="12.157"/>
</testsuite> <!-- Default test -->
