<?xml version="1.0" encoding="UTF-8"?>
<testng-results ignored="0" total="4" passed="4" failed="0" skipped="0">
  <reporter-output>
  </reporter-output>
  <suite started-at="2022-10-02T18:45:00 IST" name="Default suite" finished-at="2022-10-02T18:45:39 IST" duration-ms="39183">
    <groups>
    </groups>
    <test started-at="2022-10-02T18:45:00 IST" name="Default test" finished-at="2022-10-02T18:45:39 IST" duration-ms="39183">
      <class name="com.simplilearn.demo.Automation">
        <test-method is-config="true" signature="beforeMethod()[pri:0, instance:com.simplilearn.demo.Automation@6d4d66d2]" started-at="2022-10-02T18:45:00 IST" name="beforeMethod" finished-at="2022-10-02T18:45:03 IST" duration-ms="2736" status="PASS">
          <reporter-output>
          </reporter-output>
        </test-method> <!-- beforeMethod -->
        <test-method signature="addtocart()[pri:0, instance:com.simplilearn.demo.Automation@6d4d66d2]" started-at="2022-10-02T18:45:03 IST" name="addtocart" finished-at="2022-10-02T18:45:09 IST" duration-ms="6105" status="PASS">
          <reporter-output>
          </reporter-output>
        </test-method> <!-- addtocart -->
        <test-method is-config="true" signature="afterMethod()[pri:0, instance:com.simplilearn.demo.Automation@6d4d66d2]" started-at="2022-10-02T18:45:09 IST" name="afterMethod" finished-at="2022-10-02T18:45:09 IST" duration-ms="0" status="PASS">
          <reporter-output>
          </reporter-output>
        </test-method> <!-- afterMethod -->
        <test-method is-config="true" signature="beforeMethod()[pri:0, instance:com.simplilearn.demo.Automation@6d4d66d2]" started-at="2022-10-02T18:45:09 IST" name="beforeMethod" finished-at="2022-10-02T18:45:11 IST" duration-ms="1966" status="PASS">
          <reporter-output>
          </reporter-output>
        </test-method> <!-- beforeMethod -->
        <test-method signature="login()[pri:0, instance:com.simplilearn.demo.Automation@6d4d66d2]" started-at="2022-10-02T18:45:11 IST" name="login" finished-at="2022-10-02T18:45:14 IST" duration-ms="3283" status="PASS">
          <reporter-output>
          </reporter-output>
        </test-method> <!-- login -->
        <test-method is-config="true" signature="afterMethod()[pri:0, instance:com.simplilearn.demo.Automation@6d4d66d2]" started-at="2022-10-02T18:45:14 IST" name="afterMethod" finished-at="2022-10-02T18:45:14 IST" duration-ms="0" status="PASS">
          <reporter-output>
          </reporter-output>
        </test-method> <!-- afterMethod -->
        <test-method is-config="true" signature="beforeMethod()[pri:0, instance:com.simplilearn.demo.Automation@6d4d66d2]" started-at="2022-10-02T18:45:14 IST" name="beforeMethod" finished-at="2022-10-02T18:45:16 IST" duration-ms="2010" status="PASS">
          <reporter-output>
          </reporter-output>
        </test-method> <!-- beforeMethod -->
        <test-method signature="register()[pri:0, instance:com.simplilearn.demo.Automation@6d4d66d2]" started-at="2022-10-02T18:45:16 IST" name="register" finished-at="2022-10-02T18:45:22 IST" duration-ms="5637" status="PASS">
          <reporter-output>
          </reporter-output>
        </test-method> <!-- register -->
        <test-method is-config="true" signature="afterMethod()[pri:0, instance:com.simplilearn.demo.Automation@6d4d66d2]" started-at="2022-10-02T18:45:22 IST" name="afterMethod" finished-at="2022-10-02T18:45:22 IST" duration-ms="2" status="PASS">
          <reporter-output>
          </reporter-output>
        </test-method> <!-- afterMethod -->
        <test-method is-config="true" signature="beforeMethod()[pri:0, instance:com.simplilearn.demo.Automation@6d4d66d2]" started-at="2022-10-02T18:45:22 IST" name="beforeMethod" finished-at="2022-10-02T18:45:23 IST" duration-ms="1615" status="PASS">
          <reporter-output>
          </reporter-output>
        </test-method> <!-- beforeMethod -->
        <test-method signature="search()[pri:0, instance:com.simplilearn.demo.Automation@6d4d66d2]" started-at="2022-10-02T18:45:23 IST" name="search" finished-at="2022-10-02T18:45:39 IST" duration-ms="15752" status="PASS">
          <reporter-output>
          </reporter-output>
        </test-method> <!-- search -->
        <test-method is-config="true" signature="afterMethod()[pri:0, instance:com.simplilearn.demo.Automation@6d4d66d2]" started-at="2022-10-02T18:45:39 IST" name="afterMethod" finished-at="2022-10-02T18:45:39 IST" duration-ms="0" status="PASS">
          <reporter-output>
          </reporter-output>
        </test-method> <!-- afterMethod -->
      </class> <!-- com.simplilearn.demo.Automation -->
    </test> <!-- Default test -->
  </suite> <!-- Default suite -->
</testng-results>
